[handleMsg]:  {
  key: {
    remoteJid: '59175476365@s.whatsapp.net',
    fromMe: false,
    id: '8B68AC0B77A1EC2866EA879520F62821',
    participant: undefined
  },
  messageTimestamp: 1738936689,
  pushName: 'Jhasmin',
  broadcast: false,
  message: Message {
    conversation: '¿Cual es la dirección de potosi por favor?',
    messageContextInfo: MessageContextInfo {
      deviceListMetadata: [DeviceListMetadata],
      deviceListMetadataVersion: 2,
      messageSecret: [Uint8Array]
    }
  },
  body: '¿Cual es la dirección de potosi por favor?',
  from: '59175476365'
}
[QUEUE_SE_ENVIO]:  {
  ref: 'ans_5e86e390-52ba-4997-89b1-295dd2e0a1f8',
  keyword: 'key_4b58d846-f557-4a52-aee6-73984a97fde7',
  answer: ' ┌───── ∘°❉°∘ ─────┐\r\n' +
    '_Bienvenid@_  _a_  *Chily Beauty* \r\n' +
    ' └───── °∘❉∘° ─────┘',
  options: {
    media: null,
    buttons: [],
    capture: false,
    child: null,
    delay: 0,
    idle: null,
    ref: null,
    nested: [],
    keyword: {},
    callback: false
  },
  refSerialize: '6270e1d3982f3ee77bba5658d415cb6d'
}
[ERROR ID (ans_590ee309-44b7-443f-b1c6-41a64b57f758)]:  TypeError: Invalid URL
    at new URL (node:internal/url:797:36)
    at handleDownload (C:\Users\Admin\OneDrive\Escritorio\ChatBotChilySimple\base-baileys-memory\node_modules\@bot-whatsapp\provider\lib\baileys\index.cjs:136:35)
    at generalDownload$1 (C:\Users\Admin\OneDrive\Escritorio\ChatBotChilySimple\base-baileys-memory\node_modules\@bot-whatsapp\provider\lib\baileys\index.cjs:182:32)
    at BaileysProvider.sendMedia (C:\Users\Admin\OneDrive\Escritorio\ChatBotChilySimple\base-baileys-memory\node_modules\@bot-whatsapp\provider\lib\baileys\index.cjs:580:38)
    at BaileysProvider.sendMessage (C:\Users\Admin\OneDrive\Escritorio\ChatBotChilySimple\base-baileys-memory\node_modules\@bot-whatsapp\provider\lib\baileys\index.cjs:735:41)
    at CoreClass.sendProviderAndSave (C:\Users\Admin\OneDrive\Escritorio\ChatBotChilySimple\base-baileys-memory\node_modules\@bot-whatsapp\bot\lib\bundle.bot.cjs:1561:46)
    at Object.promiseInFunc (C:\Users\Admin\OneDrive\Escritorio\ChatBotChilySimple\base-baileys-memory\node_modules\@bot-whatsapp\bot\lib\bundle.bot.cjs:1238:36)
    at C:\Users\Admin\OneDrive\Escritorio\ChatBotChilySimple\base-baileys-memory\node_modules\@bot-whatsapp\bot\lib\bundle.bot.cjs:531:38
    at Array.map (<anonymous>)
    at Queue.processQueue (C:\Users\Admin\OneDrive\Escritorio\ChatBotChilySimple\base-baileys-memory\node_modules\@bot-whatsapp\bot\lib\bundle.bot.cjs:526:45) {
  code: 'ERR_INVALID_URL',
  input: 'base-baileys-memory/media/Chily Potosi.mp4'
}
